<?xml version="1.0" encoding="UTF-8"?>
<testng-results ignored="0" total="1" passed="1" failed="0" skipped="0">
  <reporter-output>
  </reporter-output>
  <suite started-at="2023-11-17T10:28:27 IST" name="Default suite" finished-at="2023-11-17T10:29:48 IST" duration-ms="80253">
    <groups>
    </groups>
    <test started-at="2023-11-17T10:28:27 IST" name="Default test" finished-at="2023-11-17T10:29:48 IST" duration-ms="80253">
      <class name="com.Equarz.Testcases.AdminBuyProuduct1">
        <test-method is-config="true" signature="initialize()[pri:0, instance:com.Equarz.Testcases.AdminBuyProuduct1@1bb5a082]" started-at="2023-11-17T10:28:27 IST" name="initialize" finished-at="2023-11-17T10:28:32 IST" duration-ms="4700" status="PASS">
          <reporter-output>
          </reporter-output>
        </test-method> <!-- initialize -->
        <test-method signature="verifyproduct()[pri:0, instance:com.Equarz.Testcases.AdminBuyProuduct1@1bb5a082]" started-at="2023-11-17T10:28:32 IST" name="verifyproduct" finished-at="2023-11-17T10:29:48 IST" duration-ms="75513" status="PASS">
          <reporter-output>
          </reporter-output>
        </test-method> <!-- verifyproduct -->
      </class> <!-- com.Equarz.Testcases.AdminBuyProuduct1 -->
    </test> <!-- Default test -->
  </suite> <!-- Default suite -->
</testng-results>
